#
# There is insufficient memory for the Java Runtime Environment to continue.
# Native memory allocation (mmap) failed to map 67108864 bytes for Failed to commit area from 0x00000000c1600000 to 0x00000000c5600000 of length 67108864.
# Possible reasons:
#   The system is out of physical RAM or swap space
#   The process is running with CompressedOops enabled, and the Java Heap may be blocking the growth of the native heap
# Possible solutions:
#   Reduce memory load on the system
#   Increase physical memory or swap space
#   Check if swap backing store is full
#   Decrease Java heap size (-Xmx/-Xms)
#   Decrease number of Java threads
#   Decrease Java thread stack sizes (-Xss)
#   Set larger code cache with -XX:ReservedCodeCacheSize=
# This output file may be truncated or incomplete.
#
#  Out of Memory Error (t:/workspace/open/src/hotspot/os/windows/os_windows.cpp:3274), pid=34048, tid=39120
#
# JRE version:  (11.0.5+10) (build )
# Java VM: Java HotSpot(TM) 64-Bit Server VM (11.0.5+10-LTS, mixed mode, aot, sharing, tiered, compressed oops, g1 gc, windows-amd64)
# No core dump will be written. Minidumps are not enabled by default on client versions of Windows
#

---------------  S U M M A R Y ------------

Command Line: -Dfile.encoding=Cp1252 --module-path=D:\javaprograms\mysql-connector-java-8.0.25.jar com.Controller.HRM

Host: Intel(R) Core(TM) i3-4005U CPU @ 1.70GHz, 4 cores, 3G,  Windows 10 , 64 bit Build 19041 (10.0.19041.1151)
Time: Wed Sep 15 16:17:38 2021 India Standard Time elapsed time: 0 seconds (0d 0h 0m 0s)

---------------  T H R E A D  ---------------

Current thread (0x0000017b350fe000):  JavaThread "Unknown thread" [_thread_in_vm, id=39120, stack(0x0000002ebe900000,0x0000002ebea00000)]

Stack: [0x0000002ebe900000,0x0000002ebea00000]
Native frames: (J=compiled Java code, j=interpreted, Vv=VM code, C=native code)
V  [jvm.dll+0x63611a]
V  [jvm.dll+0x77426f]
V  [jvm.dll+0x77591a]
V  [jvm.dll+0x775fd3]
V  [jvm.dll+0x25e608]
V  [jvm.dll+0x6335ca]
V  [jvm.dll+0x627f85]
V  [jvm.dll+0x314ecc]
V  [jvm.dll+0x314d52]
V  [jvm.dll+0x31a5c6]
V  [jvm.dll+0x3666bf]
V  [jvm.dll+0x3660e0]
V  [jvm.dll+0x2f1c48]
V  [jvm.dll+0x2f2db6]
V  [jvm.dll+0x74d437]
V  [jvm.dll+0x74ebaf]
V  [jvm.dll+0x3734f9]
V  [jvm.dll+0x733ae9]
V  [jvm.dll+0x3e2e1d]
V  [jvm.dll+0x3e51e1]
C  [javaw.exe+0x3617]
C  [javaw.exe+0x17e2c]
C  [KERNEL32.DLL+0x17034]
C  [ntdll.dll+0x52651]


---------------  P R O C E S S  ---------------

Threads class SMR info:
_java_thread_list=0x0000017b3374f1a0, length=0, elements={
}

Java Threads: ( => current thread )

Other Threads:
  0x0000017b35113800 GCTaskThread "GC Thread#0" [stack: 0x0000002ebea00000,0x0000002ebeb00000] [id=32676]
  0x0000017b35131000 ConcurrentGCThread "G1 Main Marker" [stack: 0x0000002ebeb00000,0x0000002ebec00000] [id=10568]
  0x0000017b35134000 ConcurrentGCThread "G1 Conc#0" [stack: 0x0000002ebec00000,0x0000002ebed00000] [id=36104]

[error occurred during error reporting (printing all threads), id 0xc0000005, EXCEPTION_ACCESS_VIOLATION (0xc0000005) at pc=0x00007ffc6f7f0617]

VM state:not at safepoint (not fully initialized)

VM Mutex/Monitor currently owned by a thread:  ([mutex/lock_event])
[0x0000017b350fbc00] Heap_lock - owner thread: 0x0000017b350fe000

Heap address: 0x00000000c1600000, size: 1002 MB, Compressed Oops mode: Non-zero based: 0x00000000c1600000
Narrow klass base: 0x0000000000000000, Narrow klass shift: 0

GC Heap History (0 events):
No events

Deoptimization events (0 events):
No events

Classes redefined (0 events):
No events

Internal exceptions (0 events):
No events

Events (0 events):
No events


Dynamic libraries:
0x00007ff683d80000 - 0x00007ff683dc7000 	C:\Program Files\Java\jdk-11.0.5\bin\javaw.exe
0x00007ffca5b10000 - 0x00007ffca5d05000 	C:\WINDOWS\SYSTEM32\ntdll.dll
0x00007ffca41f0000 - 0x00007ffca42ad000 	C:\WINDOWS\System32\KERNEL32.DLL
0x00007ffca3610000 - 0x00007ffca38d9000 	C:\WINDOWS\System32\KERNELBASE.dll
0x00007ffca4d20000 - 0x00007ffca4dcc000 	C:\WINDOWS\System32\ADVAPI32.dll
0x00007ffca5580000 - 0x00007ffca561e000 	C:\WINDOWS\System32\msvcrt.dll
0x00007ffca4150000 - 0x00007ffca41eb000 	C:\WINDOWS\System32\sechost.dll
0x00007ffca4730000 - 0x00007ffca485a000 	C:\WINDOWS\System32\RPCRT4.dll
0x00007ffca3cf0000 - 0x00007ffca3e90000 	C:\WINDOWS\System32\USER32.dll
0x00007ffca3380000 - 0x00007ffca33a2000 	C:\WINDOWS\System32\win32u.dll
0x00007ffca3b70000 - 0x00007ffca3b9a000 	C:\WINDOWS\System32\GDI32.dll
0x00007ffca38e0000 - 0x00007ffca39eb000 	C:\WINDOWS\System32\gdi32full.dll
0x00007ffca3a20000 - 0x00007ffca3abd000 	C:\WINDOWS\System32\msvcp_win.dll
0x00007ffca3510000 - 0x00007ffca3610000 	C:\WINDOWS\System32\ucrtbase.dll
0x00007ffc93f40000 - 0x00007ffc941da000 	C:\WINDOWS\WinSxS\amd64_microsoft.windows.common-controls_6595b64144ccf1df_6.0.19041.1110_none_60b5254171f9507e\COMCTL32.dll
0x00007ffc93530000 - 0x00007ffc9353a000 	C:\WINDOWS\SYSTEM32\VERSION.dll
0x00007ffca4990000 - 0x00007ffca49c0000 	C:\WINDOWS\System32\IMM32.DLL
0x00007ffca0920000 - 0x00007ffca0936000 	C:\Program Files\Java\jdk-11.0.5\bin\vcruntime140.dll
0x00007ffc81550000 - 0x00007ffc815fa000 	C:\Program Files\Java\jdk-11.0.5\bin\msvcp140.dll
0x00007ffc6f4f0000 - 0x00007ffc70018000 	C:\Program Files\Java\jdk-11.0.5\bin\server\jvm.dll
0x00007ffca5570000 - 0x00007ffca5578000 	C:\WINDOWS\System32\PSAPI.DLL
0x00007ffc9e0c0000 - 0x00007ffc9e0c9000 	C:\WINDOWS\SYSTEM32\WSOCK32.dll
0x00007ffca5800000 - 0x00007ffca586b000 	C:\WINDOWS\System32\WS2_32.dll
0x00007ffc94250000 - 0x00007ffc94277000 	C:\WINDOWS\SYSTEM32\WINMM.dll
0x00007ffca1150000 - 0x00007ffca1162000 	C:\WINDOWS\SYSTEM32\kernel.appcore.dll
0x00007ffc8b770000 - 0x00007ffc8b781000 	C:\Program Files\Java\jdk-11.0.5\bin\verify.dll
0x00007ffc8f480000 - 0x00007ffc8f664000 	C:\WINDOWS\SYSTEM32\DBGHELP.DLL
0x00007ffc8f420000 - 0x00007ffc8f44c000 	C:\WINDOWS\SYSTEM32\dbgcore.DLL
0x00007ffca3240000 - 0x00007ffca32c3000 	C:\WINDOWS\System32\bcryptPrimitives.dll
0x00007ffc81940000 - 0x00007ffc81969000 	C:\Program Files\Java\jdk-11.0.5\bin\java.dll
0x00007ffc8a170000 - 0x00007ffc8a186000 	C:\Program Files\Java\jdk-11.0.5\bin\zip.dll
0x00007ffc9df00000 - 0x00007ffc9df0a000 	C:\Program Files\Java\jdk-11.0.5\bin\jimage.dll

dbghelp: loaded successfully - version: 4.0.5 - missing functions: none
symbol engine: initialized successfully - sym options: 0x614 - pdb path: .;C:\Program Files\Java\jdk-11.0.5\bin;C:\WINDOWS\SYSTEM32;C:\WINDOWS\WinSxS\amd64_microsoft.windows.common-controls_6595b64144ccf1df_6.0.19041.1110_none_60b5254171f9507e;C:\Program Files\Java\jdk-11.0.5\bin\server

VM Arguments:
jvm_args: -Dfile.encoding=Cp1252 --module-path=D:\javaprograms\mysql-connector-java-8.0.25.jar 
java_command: com.Controller.HRM
java_class_path (initial): C:\Users\SRB07\git\HRMS_Project\HR_Mgmt_SystemProject\bin
Launcher Type: SUN_STANDARD

[Global flags]
     intx CICompilerCount                          = 3                                         {product} {ergonomic}
     uint ConcGCThreads                            = 1                                         {product} {ergonomic}
     uint G1ConcRefinementThreads                  = 4                                         {product} {ergonomic}
   size_t G1HeapRegionSize                         = 1048576                                   {product} {ergonomic}
    uintx GCDrainStackTargetSize                   = 64                                        {product} {ergonomic}
   size_t InitialHeapSize                          = 67108864                                  {product} {ergonomic}
   size_t MarkStackSize                            = 4194304                                   {product} {ergonomic}
   size_t MaxHeapSize                              = 1050673152                                {product} {ergonomic}
   size_t MinHeapDeltaBytes                        = 1048576                                   {product} {ergonomic}
    uintx NonNMethodCodeHeapSize                   = 5830732                                {pd product} {ergonomic}
    uintx NonProfiledCodeHeapSize                  = 122913754                              {pd product} {ergonomic}
    uintx ProfiledCodeHeapSize                     = 122913754                              {pd product} {ergonomic}
    uintx ReservedCodeCacheSize                    = 251658240                              {pd product} {ergonomic}
     bool SegmentedCodeCache                       = true                                      {product} {ergonomic}
     bool UseCompressedClassPointers               = true                                 {lp64_product} {ergonomic}
     bool UseCompressedOops                        = true                                 {lp64_product} {ergonomic}
     bool UseG1GC                                  = true                                      {product} {ergonomic}
     bool UseLargePagesIndividualAllocation        = false                                  {pd product} {ergonomic}

Logging:
Log output configuration:
 #0: stdout all=warning uptime,level,tags
 #1: stderr all=off uptime,level,tags

Environment Variables:
PATH=C:/Program Files/Java/jdk-11.0.5/bin/server;C:/Program Files/Java/jdk-11.0.5/bin;C:\Python39\Scripts\;C:\Python39\;C:\WINDOWS\system32;C:\WINDOWS;C:\WINDOWS\System32\Wbem;C:\WINDOWS\System32\WindowsPowerShell\v1.0\;C:\WINDOWS\System32\OpenSSH\;C:\Program Files\Java\jdk-11.0.5\bin;E:\Microsoft VS Code\bin;C:\ProgramData\chocolatey\bin;C:\Program Files\nodejs\;C:\Program Files\Git\cmd;C:\Program Files\MySQL\MySQL Shell 8.0\bin\;C:\Users\SRB07\AppData\Local\Microsoft\WindowsApps;C:\Users\SRB07\AppData\Roaming\npm;C:\WINDOWS\system32;
USERNAME=SRB07
OS=Windows_NT
PROCESSOR_IDENTIFIER=Intel64 Family 6 Model 69 Stepping 1, GenuineIntel



---------------  S Y S T E M  ---------------

OS: Windows 10 , 64 bit Build 19041 (10.0.19041.1151)

CPU:total 4 (initial active 4) (2 cores per cpu, 2 threads per core) family 6 model 69 stepping 1, cmov, cx8, fxsr, mmx, sse, sse2, sse3, ssse3, sse4.1, sse4.2, popcnt, avx, avx2, aes, clmul, erms, lzcnt, ht, tsc, tscinvbit, bmi1, bmi2, fma

Memory: 4k page, system-wide physical 4000M (558M free)
TotalPageFile size 16288M (AvailPageFile size 5M)
current process WorkingSet (physical memory assigned to process): 9M, peak: 9M
current process commit charge ("private bytes"): 51M, peak: 115M

vm_info: Java HotSpot(TM) 64-Bit Server VM (11.0.5+10-LTS) for windows-amd64 JRE (11.0.5+10-LTS), built on Oct  6 2019 12:37:14 by "mach5one" with MS VC++ 15.5 (VS2017)

END.
